2015-04-15 11:43:27,156 [main] INFO  org.apache.coyote.http11.Http11Protocol- Initializing ProtocolHandler ["http-bio-9090"]
2015-04-15 11:43:27,170 [main] INFO  org.apache.coyote.http11.Http11Protocol- Initializing ProtocolHandler ["http-bio-9443"]
2015-04-15 11:43:28,496 [main] INFO  org.apache.coyote.ajp.AjpProtocol- Initializing ProtocolHandler ["ajp-bio-9009"]
2015-04-15 11:43:28,498 [main] INFO  org.apache.catalina.startup.Catalina- Initialization processed in 1860 ms
2015-04-15 11:43:28,510 [main] INFO  org.apache.catalina.core.StandardService- Starting service Catalina
2015-04-15 11:43:28,510 [main] INFO  org.apache.catalina.core.StandardEngine- Starting Servlet Engine: Apache Tomcat/7.0.21
2015-04-15 11:43:28,515 [main] INFO  org.apache.catalina.startup.HostConfig- Deploying web application archive cas.war
2015-04-15 11:43:28,889 [main] INFO  org.apache.catalina.realm.JAASRealm- Set JAAS app name Catalina
2015-04-15 11:43:30,495 [main] INFO  org.apache.catalina.startup.HostConfig- Deploying web application archive owf.war
2015-04-15 11:43:42,972 [main] INFO  org.apache.coyote.http11.Http11Protocol- Starting ProtocolHandler ["http-bio-9090"]
2015-04-15 11:43:42,977 [main] INFO  org.apache.coyote.http11.Http11Protocol- Starting ProtocolHandler ["http-bio-9443"]
2015-04-15 11:43:42,978 [main] INFO  org.apache.coyote.ajp.AjpProtocol- Starting ProtocolHandler ["ajp-bio-9009"]
2015-04-15 11:43:42,978 [main] INFO  org.apache.catalina.startup.Catalina- Server startup in 14480 ms
2015-04-15 16:55:47,959 [Thread-10] INFO  org.apache.coyote.http11.Http11Protocol- Pausing ProtocolHandler ["http-bio-9090"]
2015-04-15 16:55:48,963 [Thread-10] INFO  org.apache.coyote.http11.Http11Protocol- Pausing ProtocolHandler ["http-bio-9443"]
2015-04-15 16:55:49,964 [Thread-10] INFO  org.apache.coyote.ajp.AjpProtocol- Pausing ProtocolHandler ["ajp-bio-9009"]
2015-04-15 16:55:50,965 [Thread-10] INFO  org.apache.catalina.core.StandardService- Stopping service Catalina
2015-04-15 16:55:51,240 [Thread-10] ERROR org.apache.catalina.loader.WebappClassLoader- The web application [/owf] registered the JDBC driver [org.hsqldb.jdbcDriver] but failed to unregister it when the web application was stopped. To prevent a memory leak, the JDBC Driver has been forcibly unregistered.
2015-04-15 16:55:51,240 [Thread-10] ERROR org.apache.catalina.loader.WebappClassLoader- The web application [/owf] appears to have started a thread named [FileWatchdog] but has failed to stop it. This is very likely to create a memory leak.
2015-04-15 16:55:51,240 [Thread-10] ERROR org.apache.catalina.loader.WebappClassLoader- The web application [/owf] appears to have started a thread named [Timer-1] but has failed to stop it. This is very likely to create a memory leak.
2015-04-15 16:55:51,242 [Thread-10] INFO  org.apache.coyote.http11.Http11Protocol- Stopping ProtocolHandler ["http-bio-9090"]
2015-04-15 16:55:51,243 [Thread-10] INFO  org.apache.coyote.http11.Http11Protocol- Stopping ProtocolHandler ["http-bio-9443"]
2015-04-15 16:55:51,243 [Thread-10] INFO  org.apache.coyote.ajp.AjpProtocol- Stopping ProtocolHandler ["ajp-bio-9009"]
2015-04-15 16:55:51,244 [Thread-10] INFO  org.apache.coyote.http11.Http11Protocol- Destroying ProtocolHandler ["http-bio-9090"]
2015-04-15 16:55:51,244 [Thread-10] INFO  org.apache.coyote.http11.Http11Protocol- Destroying ProtocolHandler ["http-bio-9443"]
2015-04-15 16:55:51,244 [Thread-10] INFO  org.apache.coyote.ajp.AjpProtocol- Destroying ProtocolHandler ["ajp-bio-9009"]
2015-04-16 09:27:34,138 [main] INFO  org.apache.coyote.http11.Http11Protocol- Initializing ProtocolHandler ["http-bio-9090"]
2015-04-16 09:27:34,162 [main] INFO  org.apache.coyote.http11.Http11Protocol- Initializing ProtocolHandler ["http-bio-9443"]
2015-04-16 09:27:34,366 [main] INFO  org.apache.coyote.ajp.AjpProtocol- Initializing ProtocolHandler ["ajp-bio-9009"]
2015-04-16 09:27:34,367 [main] INFO  org.apache.catalina.startup.Catalina- Initialization processed in 893 ms
2015-04-16 09:27:34,384 [main] INFO  org.apache.catalina.core.StandardService- Starting service Catalina
2015-04-16 09:27:34,384 [main] INFO  org.apache.catalina.core.StandardEngine- Starting Servlet Engine: Apache Tomcat/7.0.21
2015-04-16 09:27:34,389 [main] INFO  org.apache.catalina.startup.HostConfig- Deploying web application archive cas.war
2015-04-16 09:27:34,684 [main] INFO  org.apache.catalina.realm.JAASRealm- Set JAAS app name Catalina
2015-04-16 09:27:36,505 [main] INFO  org.apache.catalina.startup.HostConfig- Deploying web application archive owf.war
2015-04-16 09:27:46,712 [main] INFO  org.apache.coyote.http11.Http11Protocol- Starting ProtocolHandler ["http-bio-9090"]
2015-04-16 09:27:46,717 [main] INFO  org.apache.coyote.http11.Http11Protocol- Starting ProtocolHandler ["http-bio-9443"]
2015-04-16 09:27:46,717 [main] INFO  org.apache.coyote.ajp.AjpProtocol- Starting ProtocolHandler ["ajp-bio-9009"]
2015-04-16 09:27:46,718 [main] INFO  org.apache.catalina.startup.Catalina- Server startup in 12350 ms
2015-04-16 09:30:43,357 [http-bio-9443-exec-1] INFO  org.apache.jasper.compiler.TldLocationsCache- At least one JAR was scanned for TLDs yet contained no TLDs. Enable debug logging for this logger for a complete list of JARs that were scanned but no TLDs were found in them. Skipping unneeded JARs during scanning can improve startup time and JSP compilation time.
2015-04-16 09:43:36,566 [main] INFO  org.apache.catalina.core.StandardServer- A valid shutdown command was received via the shutdown port. Stopping the Server instance.
2015-04-16 09:43:36,567 [main] INFO  org.apache.coyote.http11.Http11Protocol- Pausing ProtocolHandler ["http-bio-9090"]
2015-04-16 09:43:37,568 [main] INFO  org.apache.coyote.http11.Http11Protocol- Pausing ProtocolHandler ["http-bio-9443"]
2015-04-16 09:43:38,569 [main] INFO  org.apache.coyote.ajp.AjpProtocol- Pausing ProtocolHandler ["ajp-bio-9009"]
2015-04-16 09:43:39,570 [main] INFO  org.apache.catalina.core.StandardService- Stopping service Catalina
2015-04-16 09:43:39,806 [main] ERROR org.apache.catalina.loader.WebappClassLoader- The web application [/owf] registered the JDBC driver [org.hsqldb.jdbcDriver] but failed to unregister it when the web application was stopped. To prevent a memory leak, the JDBC Driver has been forcibly unregistered.
2015-04-16 09:43:39,806 [main] ERROR org.apache.catalina.loader.WebappClassLoader- The web application [/owf] appears to have started a thread named [FileWatchdog] but has failed to stop it. This is very likely to create a memory leak.
2015-04-16 09:43:39,807 [main] ERROR org.apache.catalina.loader.WebappClassLoader- The web application [/owf] appears to have started a thread named [Timer-1] but has failed to stop it. This is very likely to create a memory leak.
2015-04-16 09:43:39,807 [main] ERROR org.apache.catalina.loader.WebappClassLoader- The web application [/owf] created a ThreadLocal with key of type [org.codehaus.groovy.grails.orm.hibernate.support.HibernatePersistenceContextInterceptor$1] (value [org.codehaus.groovy.grails.orm.hibernate.support.HibernatePersistenceContextInterceptor$1@64be7a8c]) and a value of type [java.lang.Boolean] (value [false]) but failed to remove it when the web application was stopped. Threads are going to be renewed over time to try and avoid a probable memory leak. 
2015-04-16 09:43:39,807 [main] ERROR org.apache.catalina.loader.WebappClassLoader- The web application [/owf] created a ThreadLocal with key of type [org.codehaus.groovy.grails.orm.hibernate.validation.HibernateDomainClassValidator$1] (value [org.codehaus.groovy.grails.orm.hibernate.validation.HibernateDomainClassValidator$1@155fb100]) and a value of type [java.util.ArrayList] (value [[]]) but failed to remove it when the web application was stopped. Threads are going to be renewed over time to try and avoid a probable memory leak. 
2015-04-16 09:43:39,808 [main] ERROR org.apache.catalina.loader.WebappClassLoader- The web application [/owf] created a ThreadLocal with key of type [org.codehaus.groovy.grails.orm.hibernate.support.HibernatePersistenceContextInterceptor$2] (value [org.codehaus.groovy.grails.orm.hibernate.support.HibernatePersistenceContextInterceptor$2@75ad27c9]) and a value of type [java.lang.Integer] (value [0]) but failed to remove it when the web application was stopped. Threads are going to be renewed over time to try and avoid a probable memory leak. 
2015-04-16 09:43:39,808 [main] ERROR org.apache.catalina.loader.WebappClassLoader- The web application [/owf] created a ThreadLocal with key of type [org.codehaus.groovy.grails.commons.spring.ReloadAwareAutowireCapableBeanFactory$2] (value [org.codehaus.groovy.grails.commons.spring.ReloadAwareAutowireCapableBeanFactory$2@3b0f397a]) and a value of type [java.lang.Boolean] (value [false]) but failed to remove it when the web application was stopped. Threads are going to be renewed over time to try and avoid a probable memory leak. 
2015-04-16 09:43:39,808 [main] ERROR org.apache.catalina.loader.WebappClassLoader- The web application [/owf] created a ThreadLocal with key of type [org.apache.commons.lang.builder.ToStringStyle$1] (value [org.apache.commons.lang.builder.ToStringStyle$1@401b7faf]) and a value of type [java.util.HashSet] (value [[]]) but failed to remove it when the web application was stopped. Threads are going to be renewed over time to try and avoid a probable memory leak. 
2015-04-16 09:43:39,808 [main] ERROR org.apache.catalina.loader.WebappClassLoader- The web application [/owf] created a ThreadLocal with key of type [org.codehaus.groovy.grails.commons.spring.ReloadAwareAutowireCapableBeanFactory$2] (value [org.codehaus.groovy.grails.commons.spring.ReloadAwareAutowireCapableBeanFactory$2@3b0f397a]) and a value of type [java.lang.Boolean] (value [false]) but failed to remove it when the web application was stopped. Threads are going to be renewed over time to try and avoid a probable memory leak. 
2015-04-16 09:43:39,808 [main] ERROR org.apache.catalina.loader.WebappClassLoader- The web application [/owf] created a ThreadLocal with key of type [org.codehaus.groovy.grails.orm.hibernate.support.HibernatePersistenceContextInterceptor$1] (value [org.codehaus.groovy.grails.orm.hibernate.support.HibernatePersistenceContextInterceptor$1@64be7a8c]) and a value of type [java.lang.Boolean] (value [false]) but failed to remove it when the web application was stopped. Threads are going to be renewed over time to try and avoid a probable memory leak. 
2015-04-16 09:43:39,808 [main] ERROR org.apache.catalina.loader.WebappClassLoader- The web application [/owf] created a ThreadLocal with key of type [org.codehaus.groovy.grails.orm.hibernate.support.HibernatePersistenceContextInterceptor$2] (value [org.codehaus.groovy.grails.orm.hibernate.support.HibernatePersistenceContextInterceptor$2@75ad27c9]) and a value of type [java.lang.Integer] (value [0]) but failed to remove it when the web application was stopped. Threads are going to be renewed over time to try and avoid a probable memory leak. 
2015-04-16 09:43:39,808 [main] ERROR org.apache.catalina.loader.WebappClassLoader- The web application [/owf] created a ThreadLocal with key of type [org.codehaus.groovy.grails.commons.spring.ReloadAwareAutowireCapableBeanFactory$2] (value [org.codehaus.groovy.grails.commons.spring.ReloadAwareAutowireCapableBeanFactory$2@3b0f397a]) and a value of type [java.lang.Boolean] (value [false]) but failed to remove it when the web application was stopped. Threads are going to be renewed over time to try and avoid a probable memory leak. 
2015-04-16 09:43:39,809 [main] ERROR org.apache.catalina.loader.WebappClassLoader- The web application [/owf] created a ThreadLocal with key of type [org.codehaus.groovy.grails.orm.hibernate.validation.HibernateDomainClassValidator$1] (value [org.codehaus.groovy.grails.orm.hibernate.validation.HibernateDomainClassValidator$1@155fb100]) and a value of type [java.util.ArrayList] (value [[]]) but failed to remove it when the web application was stopped. Threads are going to be renewed over time to try and avoid a probable memory leak. 
2015-04-16 09:43:39,809 [main] ERROR org.apache.catalina.loader.WebappClassLoader- The web application [/owf] created a ThreadLocal with key of type [org.codehaus.groovy.grails.commons.spring.ReloadAwareAutowireCapableBeanFactory$2] (value [org.codehaus.groovy.grails.commons.spring.ReloadAwareAutowireCapableBeanFactory$2@3b0f397a]) and a value of type [java.lang.Boolean] (value [false]) but failed to remove it when the web application was stopped. Threads are going to be renewed over time to try and avoid a probable memory leak. 
2015-04-16 09:43:39,811 [main] INFO  org.apache.coyote.http11.Http11Protocol- Stopping ProtocolHandler ["http-bio-9090"]
2015-04-16 09:43:39,812 [main] INFO  org.apache.coyote.http11.Http11Protocol- Stopping ProtocolHandler ["http-bio-9443"]
2015-04-16 09:43:39,812 [main] INFO  org.apache.coyote.ajp.AjpProtocol- Stopping ProtocolHandler ["ajp-bio-9009"]
2015-04-16 09:43:39,813 [main] INFO  org.apache.coyote.http11.Http11Protocol- Destroying ProtocolHandler ["http-bio-9090"]
2015-04-16 09:43:39,813 [main] INFO  org.apache.coyote.http11.Http11Protocol- Destroying ProtocolHandler ["http-bio-9443"]
2015-04-16 09:43:39,813 [main] INFO  org.apache.coyote.ajp.AjpProtocol- Destroying ProtocolHandler ["ajp-bio-9009"]
2015-04-16 10:01:44,601 [main] INFO  org.apache.coyote.http11.Http11Protocol- Initializing ProtocolHandler ["http-bio-9090"]
2015-04-16 10:01:44,615 [main] INFO  org.apache.coyote.http11.Http11Protocol- Initializing ProtocolHandler ["http-bio-9443"]
2015-04-16 10:01:44,779 [main] INFO  org.apache.coyote.ajp.AjpProtocol- Initializing ProtocolHandler ["ajp-bio-9009"]
2015-04-16 10:01:44,780 [main] INFO  org.apache.catalina.startup.Catalina- Initialization processed in 721 ms
2015-04-16 10:01:44,793 [main] INFO  org.apache.catalina.core.StandardService- Starting service Catalina
2015-04-16 10:01:44,793 [main] INFO  org.apache.catalina.core.StandardEngine- Starting Servlet Engine: Apache Tomcat/7.0.21
2015-04-16 10:01:44,797 [main] INFO  org.apache.catalina.startup.HostConfig- Deploying web application archive cas.war
2015-04-16 10:01:45,066 [main] INFO  org.apache.catalina.realm.JAASRealm- Set JAAS app name Catalina
2015-04-16 10:01:46,824 [main] INFO  org.apache.catalina.startup.HostConfig- Deploying web application archive owf.war
2015-04-16 10:01:56,644 [main] INFO  org.apache.coyote.http11.Http11Protocol- Starting ProtocolHandler ["http-bio-9090"]
2015-04-16 10:01:56,649 [main] INFO  org.apache.coyote.http11.Http11Protocol- Starting ProtocolHandler ["http-bio-9443"]
2015-04-16 10:01:56,650 [main] INFO  org.apache.coyote.ajp.AjpProtocol- Starting ProtocolHandler ["ajp-bio-9009"]
2015-04-16 10:01:56,650 [main] INFO  org.apache.catalina.startup.Catalina- Server startup in 11870 ms
2015-04-16 19:08:11,480 [Thread-10] INFO  org.apache.coyote.http11.Http11Protocol- Pausing ProtocolHandler ["http-bio-9090"]
2015-04-16 19:08:12,481 [Thread-10] INFO  org.apache.coyote.http11.Http11Protocol- Pausing ProtocolHandler ["http-bio-9443"]
2015-04-16 19:08:13,483 [Thread-10] INFO  org.apache.coyote.ajp.AjpProtocol- Pausing ProtocolHandler ["ajp-bio-9009"]
2015-04-16 19:08:14,484 [Thread-10] INFO  org.apache.catalina.core.StandardService- Stopping service Catalina
2015-04-16 19:08:14,818 [Thread-10] ERROR org.apache.catalina.loader.WebappClassLoader- The web application [/owf] registered the JDBC driver [org.hsqldb.jdbcDriver] but failed to unregister it when the web application was stopped. To prevent a memory leak, the JDBC Driver has been forcibly unregistered.
2015-04-16 19:08:14,819 [Thread-10] ERROR org.apache.catalina.loader.WebappClassLoader- The web application [/owf] appears to have started a thread named [FileWatchdog] but has failed to stop it. This is very likely to create a memory leak.
2015-04-16 19:08:14,819 [Thread-10] ERROR org.apache.catalina.loader.WebappClassLoader- The web application [/owf] appears to have started a thread named [Timer-1] but has failed to stop it. This is very likely to create a memory leak.
2015-04-16 19:08:14,820 [Thread-10] ERROR org.apache.catalina.loader.WebappClassLoader- The web application [/owf] created a ThreadLocal with key of type [org.codehaus.groovy.grails.orm.hibernate.support.HibernatePersistenceContextInterceptor$1] (value [org.codehaus.groovy.grails.orm.hibernate.support.HibernatePersistenceContextInterceptor$1@5bcede2a]) and a value of type [java.lang.Boolean] (value [false]) but failed to remove it when the web application was stopped. Threads are going to be renewed over time to try and avoid a probable memory leak. 
2015-04-16 19:08:14,820 [Thread-10] ERROR org.apache.catalina.loader.WebappClassLoader- The web application [/owf] created a ThreadLocal with key of type [org.codehaus.groovy.grails.orm.hibernate.validation.HibernateDomainClassValidator$1] (value [org.codehaus.groovy.grails.orm.hibernate.validation.HibernateDomainClassValidator$1@6a5bc67c]) and a value of type [java.util.ArrayList] (value [[]]) but failed to remove it when the web application was stopped. Threads are going to be renewed over time to try and avoid a probable memory leak. 
2015-04-16 19:08:14,825 [Thread-10] ERROR org.apache.catalina.loader.WebappClassLoader- The web application [/owf] created a ThreadLocal with key of type [org.codehaus.groovy.grails.orm.hibernate.support.HibernatePersistenceContextInterceptor$2] (value [org.codehaus.groovy.grails.orm.hibernate.support.HibernatePersistenceContextInterceptor$2@3e2944e2]) and a value of type [java.lang.Integer] (value [0]) but failed to remove it when the web application was stopped. Threads are going to be renewed over time to try and avoid a probable memory leak. 
2015-04-16 19:08:14,825 [Thread-10] ERROR org.apache.catalina.loader.WebappClassLoader- The web application [/owf] created a ThreadLocal with key of type [org.codehaus.groovy.grails.orm.hibernate.support.HibernatePersistenceContextInterceptor$1] (value [org.codehaus.groovy.grails.orm.hibernate.support.HibernatePersistenceContextInterceptor$1@5bcede2a]) and a value of type [java.lang.Boolean] (value [false]) but failed to remove it when the web application was stopped. Threads are going to be renewed over time to try and avoid a probable memory leak. 
2015-04-16 19:08:14,825 [Thread-10] ERROR org.apache.catalina.loader.WebappClassLoader- The web application [/owf] created a ThreadLocal with key of type [org.codehaus.groovy.grails.orm.hibernate.support.HibernatePersistenceContextInterceptor$2] (value [org.codehaus.groovy.grails.orm.hibernate.support.HibernatePersistenceContextInterceptor$2@3e2944e2]) and a value of type [java.lang.Integer] (value [0]) but failed to remove it when the web application was stopped. Threads are going to be renewed over time to try and avoid a probable memory leak. 
2015-04-16 19:08:14,825 [Thread-10] ERROR org.apache.catalina.loader.WebappClassLoader- The web application [/owf] created a ThreadLocal with key of type [org.codehaus.groovy.grails.orm.hibernate.support.HibernatePersistenceContextInterceptor$1] (value [org.codehaus.groovy.grails.orm.hibernate.support.HibernatePersistenceContextInterceptor$1@5bcede2a]) and a value of type [java.lang.Boolean] (value [false]) but failed to remove it when the web application was stopped. Threads are going to be renewed over time to try and avoid a probable memory leak. 
2015-04-16 19:08:14,825 [Thread-10] ERROR org.apache.catalina.loader.WebappClassLoader- The web application [/owf] created a ThreadLocal with key of type [org.apache.commons.lang.builder.ToStringStyle$1] (value [org.apache.commons.lang.builder.ToStringStyle$1@1b8e3efd]) and a value of type [java.util.HashSet] (value [[]]) but failed to remove it when the web application was stopped. Threads are going to be renewed over time to try and avoid a probable memory leak. 
2015-04-16 19:08:14,825 [Thread-10] ERROR org.apache.catalina.loader.WebappClassLoader- The web application [/owf] created a ThreadLocal with key of type [org.codehaus.groovy.grails.orm.hibernate.support.HibernatePersistenceContextInterceptor$2] (value [org.codehaus.groovy.grails.orm.hibernate.support.HibernatePersistenceContextInterceptor$2@3e2944e2]) and a value of type [java.lang.Integer] (value [0]) but failed to remove it when the web application was stopped. Threads are going to be renewed over time to try and avoid a probable memory leak. 
2015-04-16 19:08:14,825 [Thread-10] ERROR org.apache.catalina.loader.WebappClassLoader- The web application [/owf] created a ThreadLocal with key of type [org.codehaus.groovy.grails.commons.spring.ReloadAwareAutowireCapableBeanFactory$2] (value [org.codehaus.groovy.grails.commons.spring.ReloadAwareAutowireCapableBeanFactory$2@17c9622d]) and a value of type [java.lang.Boolean] (value [false]) but failed to remove it when the web application was stopped. Threads are going to be renewed over time to try and avoid a probable memory leak. 
2015-04-16 19:08:14,825 [Thread-10] ERROR org.apache.catalina.loader.WebappClassLoader- The web application [/owf] created a ThreadLocal with key of type [org.codehaus.groovy.grails.orm.hibernate.support.HibernatePersistenceContextInterceptor$1] (value [org.codehaus.groovy.grails.orm.hibernate.support.HibernatePersistenceContextInterceptor$1@5bcede2a]) and a value of type [java.lang.Boolean] (value [false]) but failed to remove it when the web application was stopped. Threads are going to be renewed over time to try and avoid a probable memory leak. 
2015-04-16 19:08:14,825 [Thread-10] ERROR org.apache.catalina.loader.WebappClassLoader- The web application [/owf] created a ThreadLocal with key of type [org.codehaus.groovy.grails.orm.hibernate.support.HibernatePersistenceContextInterceptor$2] (value [org.codehaus.groovy.grails.orm.hibernate.support.HibernatePersistenceContextInterceptor$2@3e2944e2]) and a value of type [java.lang.Integer] (value [0]) but failed to remove it when the web application was stopped. Threads are going to be renewed over time to try and avoid a probable memory leak. 
2015-04-16 19:08:14,826 [Thread-10] ERROR org.apache.catalina.loader.WebappClassLoader- The web application [/owf] created a ThreadLocal with key of type [org.codehaus.groovy.grails.commons.spring.ReloadAwareAutowireCapableBeanFactory$2] (value [org.codehaus.groovy.grails.commons.spring.ReloadAwareAutowireCapableBeanFactory$2@17c9622d]) and a value of type [java.lang.Boolean] (value [false]) but failed to remove it when the web application was stopped. Threads are going to be renewed over time to try and avoid a probable memory leak. 
2015-04-16 19:08:14,826 [Thread-10] ERROR org.apache.catalina.loader.WebappClassLoader- The web application [/owf] created a ThreadLocal with key of type [org.codehaus.groovy.grails.commons.spring.ReloadAwareAutowireCapableBeanFactory$2] (value [org.codehaus.groovy.grails.commons.spring.ReloadAwareAutowireCapableBeanFactory$2@17c9622d]) and a value of type [java.lang.Boolean] (value [false]) but failed to remove it when the web application was stopped. Threads are going to be renewed over time to try and avoid a probable memory leak. 
2015-04-16 19:08:14,826 [Thread-10] ERROR org.apache.catalina.loader.WebappClassLoader- The web application [/owf] created a ThreadLocal with key of type [org.codehaus.groovy.grails.orm.hibernate.support.HibernatePersistenceContextInterceptor$1] (value [org.codehaus.groovy.grails.orm.hibernate.support.HibernatePersistenceContextInterceptor$1@5bcede2a]) and a value of type [java.lang.Boolean] (value [false]) but failed to remove it when the web application was stopped. Threads are going to be renewed over time to try and avoid a probable memory leak. 
2015-04-16 19:08:14,826 [Thread-10] ERROR org.apache.catalina.loader.WebappClassLoader- The web application [/owf] created a ThreadLocal with key of type [org.codehaus.groovy.grails.orm.hibernate.validation.HibernateDomainClassValidator$1] (value [org.codehaus.groovy.grails.orm.hibernate.validation.HibernateDomainClassValidator$1@6a5bc67c]) and a value of type [java.util.ArrayList] (value [[]]) but failed to remove it when the web application was stopped. Threads are going to be renewed over time to try and avoid a probable memory leak. 
2015-04-16 19:08:14,826 [Thread-10] ERROR org.apache.catalina.loader.WebappClassLoader- The web application [/owf] created a ThreadLocal with key of type [org.codehaus.groovy.grails.orm.hibernate.support.HibernatePersistenceContextInterceptor$2] (value [org.codehaus.groovy.grails.orm.hibernate.support.HibernatePersistenceContextInterceptor$2@3e2944e2]) and a value of type [java.lang.Integer] (value [0]) but failed to remove it when the web application was stopped. Threads are going to be renewed over time to try and avoid a probable memory leak. 
2015-04-16 19:08:14,826 [Thread-10] ERROR org.apache.catalina.loader.WebappClassLoader- The web application [/owf] created a ThreadLocal with key of type [org.codehaus.groovy.grails.orm.hibernate.support.HibernatePersistenceContextInterceptor$1] (value [org.codehaus.groovy.grails.orm.hibernate.support.HibernatePersistenceContextInterceptor$1@5bcede2a]) and a value of type [java.lang.Boolean] (value [false]) but failed to remove it when the web application was stopped. Threads are going to be renewed over time to try and avoid a probable memory leak. 
2015-04-16 19:08:14,826 [Thread-10] ERROR org.apache.catalina.loader.WebappClassLoader- The web application [/owf] created a ThreadLocal with key of type [org.codehaus.groovy.grails.orm.hibernate.validation.HibernateDomainClassValidator$1] (value [org.codehaus.groovy.grails.orm.hibernate.validation.HibernateDomainClassValidator$1@6a5bc67c]) and a value of type [java.util.ArrayList] (value [[]]) but failed to remove it when the web application was stopped. Threads are going to be renewed over time to try and avoid a probable memory leak. 
2015-04-16 19:08:14,826 [Thread-10] ERROR org.apache.catalina.loader.WebappClassLoader- The web application [/owf] created a ThreadLocal with key of type [org.codehaus.groovy.grails.orm.hibernate.support.HibernatePersistenceContextInterceptor$2] (value [org.codehaus.groovy.grails.orm.hibernate.support.HibernatePersistenceContextInterceptor$2@3e2944e2]) and a value of type [java.lang.Integer] (value [0]) but failed to remove it when the web application was stopped. Threads are going to be renewed over time to try and avoid a probable memory leak. 
2015-04-16 19:08:14,826 [Thread-10] ERROR org.apache.catalina.loader.WebappClassLoader- The web application [/owf] created a ThreadLocal with key of type [java.lang.ThreadLocal] (value [java.lang.ThreadLocal@264c848e]) and a value of type [org.springframework.security.core.context.SecurityContextImpl] (value [org.springframework.security.core.context.SecurityContextImpl@ffffffff: Null authentication]) but failed to remove it when the web application was stopped. Threads are going to be renewed over time to try and avoid a probable memory leak. 
2015-04-16 19:08:14,826 [Thread-10] ERROR org.apache.catalina.loader.WebappClassLoader- The web application [/owf] created a ThreadLocal with key of type [org.codehaus.groovy.grails.commons.spring.ReloadAwareAutowireCapableBeanFactory$2] (value [org.codehaus.groovy.grails.commons.spring.ReloadAwareAutowireCapableBeanFactory$2@17c9622d]) and a value of type [java.lang.Boolean] (value [false]) but failed to remove it when the web application was stopped. Threads are going to be renewed over time to try and avoid a probable memory leak. 
2015-04-16 19:08:14,827 [Thread-10] ERROR org.apache.catalina.loader.WebappClassLoader- The web application [/owf] created a ThreadLocal with key of type [org.codehaus.groovy.grails.commons.spring.ReloadAwareAutowireCapableBeanFactory$2] (value [org.codehaus.groovy.grails.commons.spring.ReloadAwareAutowireCapableBeanFactory$2@17c9622d]) and a value of type [java.lang.Boolean] (value [false]) but failed to remove it when the web application was stopped. Threads are going to be renewed over time to try and avoid a probable memory leak. 
2015-04-16 19:08:14,827 [Thread-10] ERROR org.apache.catalina.loader.WebappClassLoader- The web application [/owf] created a ThreadLocal with key of type [org.codehaus.groovy.grails.orm.hibernate.validation.HibernateDomainClassValidator$1] (value [org.codehaus.groovy.grails.orm.hibernate.validation.HibernateDomainClassValidator$1@6a5bc67c]) and a value of type [java.util.ArrayList] (value [[]]) but failed to remove it when the web application was stopped. Threads are going to be renewed over time to try and avoid a probable memory leak. 
2015-04-16 19:08:14,827 [Thread-10] ERROR org.apache.catalina.loader.WebappClassLoader- The web application [/owf] created a ThreadLocal with key of type [org.codehaus.groovy.grails.commons.spring.ReloadAwareAutowireCapableBeanFactory$2] (value [org.codehaus.groovy.grails.commons.spring.ReloadAwareAutowireCapableBeanFactory$2@17c9622d]) and a value of type [java.lang.Boolean] (value [false]) but failed to remove it when the web application was stopped. Threads are going to be renewed over time to try and avoid a probable memory leak. 
2015-04-16 19:08:14,827 [Thread-10] ERROR org.apache.catalina.loader.WebappClassLoader- The web application [/owf] created a ThreadLocal with key of type [org.codehaus.groovy.grails.orm.hibernate.support.HibernatePersistenceContextInterceptor$1] (value [org.codehaus.groovy.grails.orm.hibernate.support.HibernatePersistenceContextInterceptor$1@5bcede2a]) and a value of type [java.lang.Boolean] (value [false]) but failed to remove it when the web application was stopped. Threads are going to be renewed over time to try and avoid a probable memory leak. 
2015-04-16 19:08:14,827 [Thread-10] ERROR org.apache.catalina.loader.WebappClassLoader- The web application [/owf] created a ThreadLocal with key of type [org.codehaus.groovy.grails.orm.hibernate.validation.HibernateDomainClassValidator$1] (value [org.codehaus.groovy.grails.orm.hibernate.validation.HibernateDomainClassValidator$1@6a5bc67c]) and a value of type [java.util.ArrayList] (value [[]]) but failed to remove it when the web application was stopped. Threads are going to be renewed over time to try and avoid a probable memory leak. 
2015-04-16 19:08:14,827 [Thread-10] ERROR org.apache.catalina.loader.WebappClassLoader- The web application [/owf] created a ThreadLocal with key of type [org.codehaus.groovy.grails.orm.hibernate.support.HibernatePersistenceContextInterceptor$2] (value [org.codehaus.groovy.grails.orm.hibernate.support.HibernatePersistenceContextInterceptor$2@3e2944e2]) and a value of type [java.lang.Integer] (value [0]) but failed to remove it when the web application was stopped. Threads are going to be renewed over time to try and avoid a probable memory leak. 
2015-04-16 19:08:14,827 [Thread-10] ERROR org.apache.catalina.loader.WebappClassLoader- The web application [/owf] created a ThreadLocal with key of type [org.codehaus.groovy.grails.commons.spring.ReloadAwareAutowireCapableBeanFactory$2] (value [org.codehaus.groovy.grails.commons.spring.ReloadAwareAutowireCapableBeanFactory$2@17c9622d]) and a value of type [java.lang.Boolean] (value [false]) but failed to remove it when the web application was stopped. Threads are going to be renewed over time to try and avoid a probable memory leak. 
2015-04-16 19:08:14,830 [Thread-10] INFO  org.apache.coyote.http11.Http11Protocol- Stopping ProtocolHandler ["http-bio-9090"]
2015-04-16 19:08:14,830 [Thread-10] INFO  org.apache.coyote.http11.Http11Protocol- Stopping ProtocolHandler ["http-bio-9443"]
2015-04-16 19:08:14,830 [Thread-10] INFO  org.apache.coyote.ajp.AjpProtocol- Stopping ProtocolHandler ["ajp-bio-9009"]
2015-04-16 19:08:14,834 [Thread-10] INFO  org.apache.coyote.http11.Http11Protocol- Destroying ProtocolHandler ["http-bio-9090"]
2015-04-16 19:08:14,834 [Thread-10] INFO  org.apache.coyote.http11.Http11Protocol- Destroying ProtocolHandler ["http-bio-9443"]
2015-04-16 19:08:14,834 [Thread-10] INFO  org.apache.coyote.ajp.AjpProtocol- Destroying ProtocolHandler ["ajp-bio-9009"]
2015-05-20 10:47:30,709 [main] INFO  org.apache.coyote.http11.Http11Protocol- Initializing ProtocolHandler ["http-bio-9090"]
2015-05-20 10:47:30,722 [main] INFO  org.apache.coyote.http11.Http11Protocol- Initializing ProtocolHandler ["http-bio-9443"]
2015-05-20 10:47:30,890 [main] INFO  org.apache.coyote.ajp.AjpProtocol- Initializing ProtocolHandler ["ajp-bio-9009"]
2015-05-20 10:47:30,891 [main] INFO  org.apache.catalina.startup.Catalina- Initialization processed in 683 ms
2015-05-20 10:47:30,903 [main] INFO  org.apache.catalina.core.StandardService- Starting service Catalina
2015-05-20 10:47:30,903 [main] INFO  org.apache.catalina.core.StandardEngine- Starting Servlet Engine: Apache Tomcat/7.0.21
2015-05-20 10:47:30,906 [main] INFO  org.apache.catalina.startup.HostConfig- Deploying web application archive cas.war
2015-05-20 10:47:31,178 [main] INFO  org.apache.catalina.realm.JAASRealm- Set JAAS app name Catalina
2015-05-20 10:47:32,913 [main] INFO  org.apache.catalina.startup.HostConfig- Deploying web application archive owf.war
2015-05-20 10:47:43,189 [main] INFO  org.apache.coyote.http11.Http11Protocol- Starting ProtocolHandler ["http-bio-9090"]
2015-05-20 10:47:43,194 [main] INFO  org.apache.coyote.http11.Http11Protocol- Starting ProtocolHandler ["http-bio-9443"]
2015-05-20 10:47:43,194 [main] INFO  org.apache.coyote.ajp.AjpProtocol- Starting ProtocolHandler ["ajp-bio-9009"]
2015-05-20 10:47:43,194 [main] INFO  org.apache.catalina.startup.Catalina- Server startup in 12303 ms
2015-05-20 12:59:40,985 [Thread-10] INFO  org.apache.coyote.http11.Http11Protocol- Pausing ProtocolHandler ["http-bio-9090"]
2015-05-20 12:59:41,986 [Thread-10] INFO  org.apache.coyote.http11.Http11Protocol- Pausing ProtocolHandler ["http-bio-9443"]
2015-05-20 12:59:42,988 [Thread-10] INFO  org.apache.coyote.ajp.AjpProtocol- Pausing ProtocolHandler ["ajp-bio-9009"]
2015-05-20 12:59:43,990 [Thread-10] INFO  org.apache.catalina.core.StandardService- Stopping service Catalina
2015-05-20 12:59:44,168 [Thread-10] ERROR org.apache.catalina.loader.WebappClassLoader- The web application [/owf] registered the JDBC driver [org.hsqldb.jdbcDriver] but failed to unregister it when the web application was stopped. To prevent a memory leak, the JDBC Driver has been forcibly unregistered.
2015-05-20 12:59:44,168 [Thread-10] ERROR org.apache.catalina.loader.WebappClassLoader- The web application [/owf] appears to have started a thread named [FileWatchdog] but has failed to stop it. This is very likely to create a memory leak.
2015-05-20 12:59:44,169 [Thread-10] ERROR org.apache.catalina.loader.WebappClassLoader- The web application [/owf] appears to have started a thread named [Timer-1] but has failed to stop it. This is very likely to create a memory leak.
2015-05-20 12:59:44,169 [Thread-10] ERROR org.apache.catalina.loader.WebappClassLoader- The web application [/owf] created a ThreadLocal with key of type [org.codehaus.groovy.grails.orm.hibernate.support.HibernatePersistenceContextInterceptor$1] (value [org.codehaus.groovy.grails.orm.hibernate.support.HibernatePersistenceContextInterceptor$1@258dfa96]) and a value of type [java.lang.Boolean] (value [false]) but failed to remove it when the web application was stopped. Threads are going to be renewed over time to try and avoid a probable memory leak. 
2015-05-20 12:59:44,169 [Thread-10] ERROR org.apache.catalina.loader.WebappClassLoader- The web application [/owf] created a ThreadLocal with key of type [org.codehaus.groovy.grails.orm.hibernate.validation.HibernateDomainClassValidator$1] (value [org.codehaus.groovy.grails.orm.hibernate.validation.HibernateDomainClassValidator$1@c3ea11d]) and a value of type [java.util.ArrayList] (value [[]]) but failed to remove it when the web application was stopped. Threads are going to be renewed over time to try and avoid a probable memory leak. 
2015-05-20 12:59:44,169 [Thread-10] ERROR org.apache.catalina.loader.WebappClassLoader- The web application [/owf] created a ThreadLocal with key of type [org.codehaus.groovy.grails.orm.hibernate.support.HibernatePersistenceContextInterceptor$2] (value [org.codehaus.groovy.grails.orm.hibernate.support.HibernatePersistenceContextInterceptor$2@5b7cebc3]) and a value of type [java.lang.Integer] (value [0]) but failed to remove it when the web application was stopped. Threads are going to be renewed over time to try and avoid a probable memory leak. 
2015-05-20 12:59:44,170 [Thread-10] ERROR org.apache.catalina.loader.WebappClassLoader- The web application [/owf] created a ThreadLocal with key of type [org.codehaus.groovy.grails.orm.hibernate.support.HibernatePersistenceContextInterceptor$1] (value [org.codehaus.groovy.grails.orm.hibernate.support.HibernatePersistenceContextInterceptor$1@258dfa96]) and a value of type [java.lang.Boolean] (value [false]) but failed to remove it when the web application was stopped. Threads are going to be renewed over time to try and avoid a probable memory leak. 
2015-05-20 12:59:44,170 [Thread-10] ERROR org.apache.catalina.loader.WebappClassLoader- The web application [/owf] created a ThreadLocal with key of type [org.codehaus.groovy.grails.orm.hibernate.validation.HibernateDomainClassValidator$1] (value [org.codehaus.groovy.grails.orm.hibernate.validation.HibernateDomainClassValidator$1@c3ea11d]) and a value of type [java.util.ArrayList] (value [[]]) but failed to remove it when the web application was stopped. Threads are going to be renewed over time to try and avoid a probable memory leak. 
2015-05-20 12:59:44,170 [Thread-10] ERROR org.apache.catalina.loader.WebappClassLoader- The web application [/owf] created a ThreadLocal with key of type [org.apache.commons.lang.builder.ToStringStyle$1] (value [org.apache.commons.lang.builder.ToStringStyle$1@3f0edd06]) and a value of type [java.util.HashSet] (value [[]]) but failed to remove it when the web application was stopped. Threads are going to be renewed over time to try and avoid a probable memory leak. 
2015-05-20 12:59:44,170 [Thread-10] ERROR org.apache.catalina.loader.WebappClassLoader- The web application [/owf] created a ThreadLocal with key of type [org.codehaus.groovy.grails.orm.hibernate.support.HibernatePersistenceContextInterceptor$2] (value [org.codehaus.groovy.grails.orm.hibernate.support.HibernatePersistenceContextInterceptor$2@5b7cebc3]) and a value of type [java.lang.Integer] (value [0]) but failed to remove it when the web application was stopped. Threads are going to be renewed over time to try and avoid a probable memory leak. 
2015-05-20 12:59:44,170 [Thread-10] ERROR org.apache.catalina.loader.WebappClassLoader- The web application [/owf] created a ThreadLocal with key of type [org.codehaus.groovy.grails.orm.hibernate.support.HibernatePersistenceContextInterceptor$1] (value [org.codehaus.groovy.grails.orm.hibernate.support.HibernatePersistenceContextInterceptor$1@258dfa96]) and a value of type [java.lang.Boolean] (value [false]) but failed to remove it when the web application was stopped. Threads are going to be renewed over time to try and avoid a probable memory leak. 
2015-05-20 12:59:44,170 [Thread-10] ERROR org.apache.catalina.loader.WebappClassLoader- The web application [/owf] created a ThreadLocal with key of type [org.codehaus.groovy.grails.orm.hibernate.validation.HibernateDomainClassValidator$1] (value [org.codehaus.groovy.grails.orm.hibernate.validation.HibernateDomainClassValidator$1@c3ea11d]) and a value of type [java.util.ArrayList] (value [[]]) but failed to remove it when the web application was stopped. Threads are going to be renewed over time to try and avoid a probable memory leak. 
2015-05-20 12:59:44,170 [Thread-10] ERROR org.apache.catalina.loader.WebappClassLoader- The web application [/owf] created a ThreadLocal with key of type [org.codehaus.groovy.grails.orm.hibernate.support.HibernatePersistenceContextInterceptor$2] (value [org.codehaus.groovy.grails.orm.hibernate.support.HibernatePersistenceContextInterceptor$2@5b7cebc3]) and a value of type [java.lang.Integer] (value [0]) but failed to remove it when the web application was stopped. Threads are going to be renewed over time to try and avoid a probable memory leak. 
2015-05-20 12:59:44,170 [Thread-10] ERROR org.apache.catalina.loader.WebappClassLoader- The web application [/owf] created a ThreadLocal with key of type [org.codehaus.groovy.grails.commons.spring.ReloadAwareAutowireCapableBeanFactory$2] (value [org.codehaus.groovy.grails.commons.spring.ReloadAwareAutowireCapableBeanFactory$2@68d0d541]) and a value of type [java.lang.Boolean] (value [false]) but failed to remove it when the web application was stopped. Threads are going to be renewed over time to try and avoid a probable memory leak. 
2015-05-20 12:59:44,170 [Thread-10] ERROR org.apache.catalina.loader.WebappClassLoader- The web application [/owf] created a ThreadLocal with key of type [org.codehaus.groovy.grails.orm.hibernate.support.HibernatePersistenceContextInterceptor$1] (value [org.codehaus.groovy.grails.orm.hibernate.support.HibernatePersistenceContextInterceptor$1@258dfa96]) and a value of type [java.lang.Boolean] (value [false]) but failed to remove it when the web application was stopped. Threads are going to be renewed over time to try and avoid a probable memory leak. 
2015-05-20 12:59:44,170 [Thread-10] ERROR org.apache.catalina.loader.WebappClassLoader- The web application [/owf] created a ThreadLocal with key of type [org.codehaus.groovy.grails.orm.hibernate.validation.HibernateDomainClassValidator$1] (value [org.codehaus.groovy.grails.orm.hibernate.validation.HibernateDomainClassValidator$1@c3ea11d]) and a value of type [java.util.ArrayList] (value [[]]) but failed to remove it when the web application was stopped. Threads are going to be renewed over time to try and avoid a probable memory leak. 
2015-05-20 12:59:44,170 [Thread-10] ERROR org.apache.catalina.loader.WebappClassLoader- The web application [/owf] created a ThreadLocal with key of type [org.codehaus.groovy.grails.orm.hibernate.support.HibernatePersistenceContextInterceptor$2] (value [org.codehaus.groovy.grails.orm.hibernate.support.HibernatePersistenceContextInterceptor$2@5b7cebc3]) and a value of type [java.lang.Integer] (value [0]) but failed to remove it when the web application was stopped. Threads are going to be renewed over time to try and avoid a probable memory leak. 
2015-05-20 12:59:44,170 [Thread-10] ERROR org.apache.catalina.loader.WebappClassLoader- The web application [/owf] created a ThreadLocal with key of type [org.codehaus.groovy.grails.orm.hibernate.support.HibernatePersistenceContextInterceptor$1] (value [org.codehaus.groovy.grails.orm.hibernate.support.HibernatePersistenceContextInterceptor$1@258dfa96]) and a value of type [java.lang.Boolean] (value [false]) but failed to remove it when the web application was stopped. Threads are going to be renewed over time to try and avoid a probable memory leak. 
2015-05-20 12:59:44,171 [Thread-10] ERROR org.apache.catalina.loader.WebappClassLoader- The web application [/owf] created a ThreadLocal with key of type [org.codehaus.groovy.grails.orm.hibernate.validation.HibernateDomainClassValidator$1] (value [org.codehaus.groovy.grails.orm.hibernate.validation.HibernateDomainClassValidator$1@c3ea11d]) and a value of type [java.util.ArrayList] (value [[]]) but failed to remove it when the web application was stopped. Threads are going to be renewed over time to try and avoid a probable memory leak. 
2015-05-20 12:59:44,171 [Thread-10] ERROR org.apache.catalina.loader.WebappClassLoader- The web application [/owf] created a ThreadLocal with key of type [org.codehaus.groovy.grails.orm.hibernate.support.HibernatePersistenceContextInterceptor$2] (value [org.codehaus.groovy.grails.orm.hibernate.support.HibernatePersistenceContextInterceptor$2@5b7cebc3]) and a value of type [java.lang.Integer] (value [0]) but failed to remove it when the web application was stopped. Threads are going to be renewed over time to try and avoid a probable memory leak. 
2015-05-20 12:59:44,171 [Thread-10] ERROR org.apache.catalina.loader.WebappClassLoader- The web application [/owf] created a ThreadLocal with key of type [org.codehaus.groovy.grails.commons.spring.ReloadAwareAutowireCapableBeanFactory$2] (value [org.codehaus.groovy.grails.commons.spring.ReloadAwareAutowireCapableBeanFactory$2@68d0d541]) and a value of type [java.lang.Boolean] (value [false]) but failed to remove it when the web application was stopped. Threads are going to be renewed over time to try and avoid a probable memory leak. 
2015-05-20 12:59:44,171 [Thread-10] ERROR org.apache.catalina.loader.WebappClassLoader- The web application [/owf] created a ThreadLocal with key of type [org.codehaus.groovy.grails.orm.hibernate.support.HibernatePersistenceContextInterceptor$1] (value [org.codehaus.groovy.grails.orm.hibernate.support.HibernatePersistenceContextInterceptor$1@258dfa96]) and a value of type [java.lang.Boolean] (value [false]) but failed to remove it when the web application was stopped. Threads are going to be renewed over time to try and avoid a probable memory leak. 
2015-05-20 12:59:44,171 [Thread-10] ERROR org.apache.catalina.loader.WebappClassLoader- The web application [/owf] created a ThreadLocal with key of type [org.codehaus.groovy.grails.orm.hibernate.validation.HibernateDomainClassValidator$1] (value [org.codehaus.groovy.grails.orm.hibernate.validation.HibernateDomainClassValidator$1@c3ea11d]) and a value of type [java.util.ArrayList] (value [[]]) but failed to remove it when the web application was stopped. Threads are going to be renewed over time to try and avoid a probable memory leak. 
2015-05-20 12:59:44,171 [Thread-10] ERROR org.apache.catalina.loader.WebappClassLoader- The web application [/owf] created a ThreadLocal with key of type [org.codehaus.groovy.grails.orm.hibernate.support.HibernatePersistenceContextInterceptor$2] (value [org.codehaus.groovy.grails.orm.hibernate.support.HibernatePersistenceContextInterceptor$2@5b7cebc3]) and a value of type [java.lang.Integer] (value [0]) but failed to remove it when the web application was stopped. Threads are going to be renewed over time to try and avoid a probable memory leak. 
2015-05-20 12:59:44,171 [Thread-10] ERROR org.apache.catalina.loader.WebappClassLoader- The web application [/owf] created a ThreadLocal with key of type [org.codehaus.groovy.grails.commons.spring.ReloadAwareAutowireCapableBeanFactory$2] (value [org.codehaus.groovy.grails.commons.spring.ReloadAwareAutowireCapableBeanFactory$2@68d0d541]) and a value of type [java.lang.Boolean] (value [false]) but failed to remove it when the web application was stopped. Threads are going to be renewed over time to try and avoid a probable memory leak. 
2015-05-20 12:59:44,173 [Thread-10] INFO  org.apache.coyote.http11.Http11Protocol- Stopping ProtocolHandler ["http-bio-9090"]
2015-05-20 12:59:44,174 [Thread-10] INFO  org.apache.coyote.http11.Http11Protocol- Stopping ProtocolHandler ["http-bio-9443"]
2015-05-20 12:59:44,174 [Thread-10] INFO  org.apache.coyote.ajp.AjpProtocol- Stopping ProtocolHandler ["ajp-bio-9009"]
2015-05-20 12:59:44,175 [Thread-10] INFO  org.apache.coyote.http11.Http11Protocol- Destroying ProtocolHandler ["http-bio-9090"]
2015-05-20 12:59:44,175 [Thread-10] INFO  org.apache.coyote.http11.Http11Protocol- Destroying ProtocolHandler ["http-bio-9443"]
2015-05-20 12:59:44,175 [Thread-10] INFO  org.apache.coyote.ajp.AjpProtocol- Destroying ProtocolHandler ["ajp-bio-9009"]
